INFO:root:mnist file does not exist, try to download the file and return the path...
 start dowdloading...
INFO:root:finish downloading.
INFO:root:mnist file existed jet, return the path of the file
INFO:root:mnist file existed jet, return the path of the file
INFO:root:mnist file existed jet, return the path of the file
INFO:root:mnist file existed jet, return the path of the file
INFO:root:mnist file existed jet, return the path of the file
INFO:root:mnist file does not exist, try to download the file and return the path...
 start dowdloading...
INFO:root:finish downloading.
INFO:root:mnist file existed jet, return the path of the file
INFO:root:mnist file existed jet, return the path of the file
INFO:root:mnist file existed jet, return the path of the file
INFO:root:mnist file existed jet, return the path of the file
INFO:root:mnist file existed jet, return the path of the file
INFO:root:mnist file existed jet, return the path of the file
INFO:root:mnist file existed jet, return the path of the file
INFO:root:mnist file existed jet, return the path of the file
INFO:root:mnist file existed jet, return the path of the file
INFO:root:mnist file existed jet, return the path of the file
INFO:root:mnist file existed jet, return the path of the file
INFO:root:mnist file existed jet, return the path of the file
INFO:root:mnist file existed jet, return the path of the file
INFO:root:mnist file existed jet, return the path of the file
INFO:root:mnist file existed jet, return the path of the file
INFO:root:mnist file existed jet, return the path of the file
INFO:root:mnist file existed jet, return the path of the file
INFO:root:mnist file existed jet, return the path of the file
INFO:root:mnist file existed jet, return the path of the file
INFO:root:mnist file existed jet, return the path of the file
INFO:root:mnist file existed jet, return the path of the file
INFO:root:mnist file existed jet, return the path of the file
INFO:root:mnist file existed jet, return the path of the file
INFO:root:mnist file existed jet, return the path of the file
INFO:root:mnist file existed jet, return the path of the file
INFO:root:mnist file existed jet, return the path of the file
INFO:root:mnist file existed jet, return the path of the file
INFO:root:mnist file existed jet, return the path of the file
INFO:root:mnist file existed jet, return the path of the file
INFO:root:mnist file existed jet, return the path of the file
INFO:root:mnist file existed jet, return the path of the file
INFO:root:mnist file existed jet, return the path of the file
INFO:root:mnist file existed jet, return the path of the file
INFO:root:mnist file existed jet, return the path of the file
INFO:root:mnist file existed jet, return the path of the file
INFO:root:mnist file existed jet, return the path of the file
INFO:root:mnist file existed jet, return the path of the file
INFO:root:mnist file existed jet, return the path of the file
INFO:root:mnist file existed jet, return the path of the file
INFO:root:mnist file existed jet, return the path of the file
INFO:root:mnist file existed jet, return the path of the file
INFO:root:mnist file existed jet, return the path of the file
INFO:root:mnist file existed jet, return the path of the file
INFO:root:mnist file existed jet, return the path of the file
INFO:root:mnist file existed jet, return the path of the file
INFO:root:mnist file existed jet, return the path of the file
INFO:root:mnist file existed jet, return the path of the file
INFO:root:mnist file existed jet, return the path of the file
INFO:root:mnist file existed jet, return the path of the file
INFO:root:mnist file existed jet, return the path of the file
INFO:root:mnist file existed jet, return the path of the file
INFO:root:mnist file existed jet, return the path of the file
INFO:root:mnist file existed jet, return the path of the file
INFO:root:mnist file existed jet, return the path of the file
INFO:root:mnist file existed jet, return the path of the file
INFO:root:mnist file existed jet, return the path of the file
INFO:root:mnist file existed jet, return the path of the file
INFO:root:mnist file existed jet, return the path of the file
INFO:root:mnist file existed jet, return the path of the file
INFO:root:mnist file existed jet, return the path of the file
INFO:root:mnist file existed jet, return the path of the file
INFO:root:mnist file existed jet, return the path of the file
INFO:root:mnist file existed jet, return the path of the file
INFO:root:mnist file existed jet, return the path of the file
INFO:root:mnist file existed jet, return the path of the file
INFO:root:mnist file existed jet, return the path of the file
INFO:root:mnist file existed jet, return the path of the file
INFO:root:mnist file existed jet, return the path of the file
INFO:tensorflow:Restoring parameters from ./models/mlp_dropout_mnist/model.ckpt-901
INFO:root:mnist file existed jet, return the path of the file
INFO:root:mnist file existed jet, return the path of the file
INFO:root:mnist file existed jet, return the path of the file
INFO:root:mnist file existed jet, return the path of the file
INFO:root:mnist file existed jet, return the path of the file
INFO:root:mnist file existed jet, return the path of the file
INFO:root:mnist file existed jet, return the path of the file
INFO:root:mnist file existed jet, return the path of the file
INFO:root:mnist file existed jet, return the path of the file
INFO:root:mnist file existed jet, return the path of the file
INFO:root:mnist file existed jet, return the path of the file
INFO:root:mnist file existed jet, return the path of the file
INFO:root:mnist file existed jet, return the path of the file
INFO:root:mnist file existed jet, return the path of the file
INFO:root:mnist file existed jet, return the path of the file
INFO:root:mnist file existed jet, return the path of the file
INFO:root:mnist file existed jet, return the path of the file
INFO:root:mnist file existed jet, return the path of the file
INFO:root:mnist file existed jet, return the path of the file
INFO:root:mnist file existed jet, return the path of the file
INFO:root:mnist file existed jet, return the path of the file
INFO:root:mnist file existed jet, return the path of the file
INFO:root:mnist file existed jet, return the path of the file
INFO:root:mnist file existed jet, return the path of the file
INFO:root:mnist file existed jet, return the path of the file
INFO:root:mnist file existed jet, return the path of the file
INFO:root:mnist file existed jet, return the path of the file
INFO:root:mnist file existed jet, return the path of the file
INFO:root:mnist file existed jet, return the path of the file
INFO:root:mnist file existed jet, return the path of the file
INFO:root:mnist file existed jet, return the path of the file
INFO:root:mnist file existed jet, return the path of the file
INFO:root:mnist file existed jet, return the path of the file
INFO:root:mnist file existed jet, return the path of the file
INFO:root:mnist file existed jet, return the path of the file
